0 silly input [ 'publish' ]
1 silly flags { _: [ 'publish' ], sort: true, concurrency: 4 }
2 verbose rootPath /Users/lhkj/coding/mywork/monorepo-example
3 info version 2.0.0-rc.4
4 silly isInitialized
5 silly isInitialized true
6 silly existsSync /Users/lhkj/coding/mywork/monorepo-example/VERSION
7 silly initialize attempt
8 info current version 0.0.0
9 silly getUpdates
10 info Checking for updated packages...
11 silly hasTags
12 verbose hasTags false
13 warn No tags found!
14 info Comparing with initial commit.
15 verbose has update monorepo-example-module-a
16 verbose has update monorepo-example-module-core
17 silly collectDependents
18 silly isPackageDependentOf monorepo-example-module-a monorepo-example-module-a
19 silly isPackageDependentOf monorepo-example-module-core monorepo-example-module-a
20 silly isPackageDependentOf monorepo-example-module-a monorepo-example-module-core
21 verbose dependent monorepo-example-module-a depends on monorepo-example-module-core
22 silly isPackageDependentOf monorepo-example-module-core monorepo-example-module-a
23 silly isPackageDependentOf monorepo-example-module-core monorepo-example-module-core
24 silly collectUpdates
25 verbose has filtered update monorepo-example-module-a
26 verbose has filtered update monorepo-example-module-core
27 silly initialize success
28 silly execute attempt
29 silly isDetachedHead
30 silly getCurrentBranch
31 error execute Error: fatal: ambiguous argument 'HEAD': unknown revision or path not in the working tree.
31 error execute Use '--' to separate paths from revisions, like this:
31 error execute 'git <command> [<revision>...] -- [<file>...]'
31 error execute
31 error execute     at Function.module.exports.sync (/Users/lhkj/.nvm/versions/node/v6.9.2/lib/node_modules/lerna/node_modules/execa/index.js:277:26)
31 error execute     at Function.execSync (/Users/lhkj/.nvm/versions/node/v6.9.2/lib/node_modules/lerna/lib/ChildProcessUtilities.js:51:30)
31 error execute     at Function.getCurrentBranch (/Users/lhkj/.nvm/versions/node/v6.9.2/lib/node_modules/lerna/lib/GitUtilities.js:183:59)
31 error execute     at Function.isDetachedHead (/Users/lhkj/.nvm/versions/node/v6.9.2/lib/node_modules/lerna/lib/GitUtilities.js:37:37)
31 error execute     at PublishCommand.execute (/Users/lhkj/.nvm/versions/node/v6.9.2/lib/node_modules/lerna/lib/commands/PublishCommand.js:234:55)
31 error execute     at PublishCommand._attempt (/Users/lhkj/.nvm/versions/node/v6.9.2/lib/node_modules/lerna/lib/Command.js:265:21)
31 error execute     at /Users/lhkj/.nvm/versions/node/v6.9.2/lib/node_modules/lerna/lib/Command.js:252:15
31 error execute     at /Users/lhkj/.nvm/versions/node/v6.9.2/lib/node_modules/lerna/lib/Command.js:274:13
31 error execute     at /Users/lhkj/.nvm/versions/node/v6.9.2/lib/node_modules/lerna/lib/commands/PublishCommand.js:474:11
31 error execute     at /Users/lhkj/.nvm/versions/node/v6.9.2/lib/node_modules/lerna/lib/PromptUtilities.js:38:9
31 error execute  callback with error
31 error execute  Error: fatal: ambiguous argument 'HEAD': unknown revision or path not in the working tree.
31 error execute Use '--' to separate paths from revisions, like this:
31 error execute 'git <command> [<revision>...] -- [<file>...]'
31 error execute
31 error execute     at Function.module.exports.sync (/Users/lhkj/.nvm/versions/node/v6.9.2/lib/node_modules/lerna/node_modules/execa/index.js:277:26)
31 error execute     at Function.execSync (/Users/lhkj/.nvm/versions/node/v6.9.2/lib/node_modules/lerna/lib/ChildProcessUtilities.js:51:30)
31 error execute     at Function.getCurrentBranch (/Users/lhkj/.nvm/versions/node/v6.9.2/lib/node_modules/lerna/lib/GitUtilities.js:183:59)
31 error execute     at Function.isDetachedHead (/Users/lhkj/.nvm/versions/node/v6.9.2/lib/node_modules/lerna/lib/GitUtilities.js:37:37)
31 error execute     at PublishCommand.execute (/Users/lhkj/.nvm/versions/node/v6.9.2/lib/node_modules/lerna/lib/commands/PublishCommand.js:234:55)
31 error execute     at PublishCommand._attempt (/Users/lhkj/.nvm/versions/node/v6.9.2/lib/node_modules/lerna/lib/Command.js:265:21)
31 error execute     at /Users/lhkj/.nvm/versions/node/v6.9.2/lib/node_modules/lerna/lib/Command.js:252:15
31 error execute     at /Users/lhkj/.nvm/versions/node/v6.9.2/lib/node_modules/lerna/lib/Command.js:274:13
31 error execute     at /Users/lhkj/.nvm/versions/node/v6.9.2/lib/node_modules/lerna/lib/commands/PublishCommand.js:474:11
31 error execute     at /Users/lhkj/.nvm/versions/node/v6.9.2/lib/node_modules/lerna/lib/PromptUtilities.js:38:9
